app/build/intermediates/manifest_merge_blame_file/release/manifest-merger-blame-release-report.txt
1<?xml version="1.0" encoding="utf-8"?>
2<manifest xmlns:android="http://schemas.android.com/apk/res/android"
3    package="com.flmly.tv"
4    android:versionCode="6"
5    android:versionName="1.0" >
6
7    <uses-sdk
8        android:minSdkVersion="21"
8-->src\main\AndroidManifest.xml
9        android:targetSdkVersion="30" />
9-->src\main\AndroidManifest.xml
10
11    <uses-permission android:name="android.permission.INTERNET" />
11-->src\main\AndroidManifest.xml:6:5-67
11-->src\main\AndroidManifest.xml:6:22-64
12    <uses-permission android:name="android.permission.ACCESS_WIFI_STATE" />
12-->src\main\AndroidManifest.xml:7:5-76
12-->src\main\AndroidManifest.xml:7:22-73
13    <uses-permission android:name="android.permission.CHANGE_WIFI_STATE" />
13-->src\main\AndroidManifest.xml:8:5-76
13-->src\main\AndroidManifest.xml:8:22-73
14    <uses-permission android:name="android.permission.ACCESS_NETWORK_STATE" />
14-->src\main\AndroidManifest.xml:9:5-79
14-->src\main\AndroidManifest.xml:9:22-76
15
16    <uses-feature
16-->src\main\AndroidManifest.xml:11:5-13:35
17        android:name="android.software.leanback"
17-->src\main\AndroidManifest.xml:12:9-49
18        android:required="true" />
18-->src\main\AndroidManifest.xml:13:9-32
19    <uses-feature
19-->src\main\AndroidManifest.xml:14:5-16:36
20        android:name="android.hardware.touchscreen"
20-->src\main\AndroidManifest.xml:15:9-52
21        android:required="false" />
21-->src\main\AndroidManifest.xml:16:9-33
22
23    <application
23-->src\main\AndroidManifest.xml:18:5-49:19
24        android:allowBackup="true"
24-->src\main\AndroidManifest.xml:19:9-35
25        android:appComponentFactory="androidx.core.app.CoreComponentFactory"
25-->[androidx.core:core:1.3.2] AndroidManifest.xml:24:18-86
26        android:banner="@drawable/banner"
26-->src\main\AndroidManifest.xml:20:9-42
27        android:icon="@drawable/splash_1920"
27-->src\main\AndroidManifest.xml:21:9-45
28        android:label="@string/app_name"
28-->src\main\AndroidManifest.xml:22:9-41
29        android:supportsRtl="true"
29-->src\main\AndroidManifest.xml:23:9-35
30        android:theme="@style/flmly"
30-->src\main\AndroidManifest.xml:24:9-37
31        android:usesCleartextTraffic="true" >
31-->src\main\AndroidManifest.xml:25:9-44
32        <activity
32-->src\main\AndroidManifest.xml:28:9-30:63
33            android:name="com.flmly.tv.activity.PlayerActivity"
33-->src\main\AndroidManifest.xml:29:13-52
34            android:screenOrientation="fullSensor" />
34-->src\main\AndroidManifest.xml:30:13-51
35        <activity
35-->src\main\AndroidManifest.xml:31:9-33:54
36            android:name="com.flmly.tv.activity.DetailsActivity"
36-->src\main\AndroidManifest.xml:32:13-53
37            android:screenOrientation="fullSensor" />
37-->src\main\AndroidManifest.xml:33:13-51
38        <activity
38-->src\main\AndroidManifest.xml:34:9-36:54
39            android:name="com.flmly.tv.activity.HomeActivity"
39-->src\main\AndroidManifest.xml:35:13-50
40            android:screenOrientation="fullSensor" />
40-->src\main\AndroidManifest.xml:36:13-51
41        <activity
41-->src\main\AndroidManifest.xml:37:9-39:54
42            android:name="com.flmly.tv.activity.WelcomeActivity"
42-->src\main\AndroidManifest.xml:38:13-53
43            android:screenOrientation="fullSensor" />
43-->src\main\AndroidManifest.xml:39:13-51
44        <activity
44-->src\main\AndroidManifest.xml:40:9-48:20
45            android:name="com.flmly.tv.activity.SplashActivity"
45-->src\main\AndroidManifest.xml:41:13-52
46            android:screenOrientation="fullSensor" >
46-->src\main\AndroidManifest.xml:42:13-51
47            <intent-filter>
47-->src\main\AndroidManifest.xml:43:13-47:29
48                <action android:name="android.intent.action.MAIN" />
48-->src\main\AndroidManifest.xml:44:17-69
48-->src\main\AndroidManifest.xml:44:25-66
49
50                <category android:name="android.intent.category.LEANBACK_LAUNCHER" />
50-->src\main\AndroidManifest.xml:46:17-86
50-->src\main\AndroidManifest.xml:46:27-83
51            </intent-filter>
52        </activity>
53    </application>
54
55</manifest>